
DATE: 01/02/2020                                       BIRKNER S MONTHLY SALES                                              PAGE:  1

CUSTOMER                                    BOAT         PURCHASE           ACCESSORY                     PREP                 TOTAL
LAST NAME              STATE                COST         DATE               PACKAGE                       COST                  COST

BOAT TYPE: BASS BOAT                                                                                                                
                                                                                                                                    
BOB - DYLAN             CA                   .00         12/11/19           SKI PACKAGE                    .00                   .00
DAVIS                   CA                   .01         09/09/15           ELECTRONICS                    .01                   .02
QUERVO                  IA            999,999.99         99/99/99           SKI PACKAGE                    .01          1,000,000.00
FROAH                   IA             10,000.00         08/01/19           FISHING PACKAGE             500.00             10,500.00
BIRKNER                 IA                   .01         06/01/19           FISHING PACKAGE          99,999.99            100,000.00
METZGER                 IA             50,000.00         03/23/80           SKI PACKAGE               2,500.00             52,500.00
LESTER                  MO            999,999.99         99/99/99           FISHING PACKAGE                .00            999,999.99
HERNANDEZ               WI                   .00         08/15/98           FISHING PACKAGE          99,999.99             99,999.99
MUHAMED                 WI                   .01         09/11/01           ELECTRONICS                    .00                   .01
FREEMAN                 WI                   .00         99/99/99           ELECTRONICS                    .01                   .01
XXXXXXXXXXXXXXX         ZZ            999,999.99         99/99/99           ELECTRONICS              99,999.99          1,099,999.98

                       SUBTOTALS FOR BASS BOAT              NUMBER SOLD:     11                                         $3,363,000.0

BOAT TYPE: PONTOON                                                                                                                  
                                                                                                                                    
BOB - DYLAN             CA                   .00         12/11/19           SKI PACKAGE                    .00                   .00
DAVIS                   CA                   .01         09/09/15           ELECTRONICS                    .01                   .02
QUERVO                  IA            999,999.99         99/99/99           SKI PACKAGE                    .01          1,000,000.00
BIRKNER                 IA                   .01         06/01/19           FISHING PACKAGE          99,999.99            100,000.00
BERNARD                 MO            150,000.00         06/20/20           SKI PACKAGE               5,000.00            155,000.00
LESTER                  MO            999,999.99         99/99/99           FISHING PACKAGE                .00            999,999.99
HERNANDEZ               WI                   .00         08/15/98           FISHING PACKAGE          99,999.99             99,999.99
MUHAMED                 WI                   .01         09/11/01           ELECTRONICS                    .00                   .01
FREEMAN                 WI                   .00         99/99/99           ELECTRONICS                    .01                   .01
GEORGE                  WI             25,000.00         09/04/11           ELECTRONICS               5,000.00             30,000.00
XXXXXXXXXXXXXXX         ZZ            999,999.99         99/99/99           ELECTRONICS              99,999.99          1,099,999.98

                       SUBTOTALS FOR PONTOON                NUMBER SOLD:     11                                         $3,485,000.0

BOAT TYPE: SKI BOAT                                                                                                                 
                                                                                                                                    
BOB - DYLAN             CA                   .00         12/11/19           SKI PACKAGE                    .00                   .00
DAVIS                   CA                   .01         09/09/15           ELECTRONICS                    .01                   .02
SCHWARZENEGGER          CA            500,000.00         07/04/11           SKI PACKAGE              10,000.00            510,000.00
QUERVO                  IA            999,999.99         99/99/99           SKI PACKAGE                    .01          1,000,000.00
BIRKNER                 IA                   .01         06/01/19           FISHING PACKAGE          99,999.99            100,000.00
LESTER                  MO            999,999.99         99/99/99           FISHING PACKAGE                .00            999,999.99
HERNANDEZ               WI                   .00         08/15/98           FISHING PACKAGE          99,999.99             99,999.99
MUHAMED                 WI                   .01         09/11/01           ELECTRONICS                    .00                   .01
FREEMAN                 WI                   .00         99/99/99           ELECTRONICS                    .01                   .01
POTTER                  WI             25,000.00         09/04/11           ELECTRONICS               5,000.00             30,000.00
XXXXXXXXXXXXXXX         ZZ            999,999.99         99/99/99           ELECTRONICS              99,999.99          1,099,999.98

                       SUBTOTALS FOR SKI BOAT               NUMBER SOLD:     11                                         $3,840,000.0

BOAT TYPE: JOHN BOAT                                                                                                                
                                                                                                                                    
BOB - DYLAN             CA                   .00         12/11/19           SKI PACKAGE                    .00                   .00



DATE: 01/02/2020                                       BIRKNER S MONTHLY SALES                                              PAGE:  2

CUSTOMER                                    BOAT         PURCHASE           ACCESSORY                     PREP                 TOTAL
LAST NAME              STATE                COST         DATE               PACKAGE                       COST                  COST

BOAT TYPE: JOHN BOAT                                                                                                                
                                                                                                                                    
DAVIS                   CA                   .01         09/09/15           ELECTRONICS                    .01                   .02
QUERVO                  IA            999,999.99         99/99/99           SKI PACKAGE                    .01          1,000,000.00
BIRKNER                 IA                   .01         06/01/19           FISHING PACKAGE          99,999.99            100,000.00
WILSON                  IA             10,000.00         10/31/18           ELECTRONICS                 500.00             10,500.00
LESTER                  MO            999,999.99         99/99/99           FISHING PACKAGE                .00            999,999.99
HERNANDEZ               WI                   .00         08/15/98           FISHING PACKAGE          99,999.99             99,999.99
MUHAMED                 WI                   .01         09/11/01           ELECTRONICS                    .00                   .01
FREEMAN                 WI                   .00         99/99/99           ELECTRONICS                    .01                   .01
DURSLEY                 WI             80,000.00         06/14/98           SKI PACKAGE               1,500.00             81,500.00
XXXXXXXXXXXXXXX         ZZ            999,999.99         99/99/99           ELECTRONICS              99,999.99          1,099,999.98

                       SUBTOTALS FOR JOHN BOAT              NUMBER SOLD:     11                                         $3,392,000.0

BOAT TYPE: CABIN CRUISER                                                                                                            
                                                                                                                                    
BOB - DYLAN             CA                   .00         12/11/19           SKI PACKAGE                    .00                   .00
DAVIS                   CA                   .01         09/09/15           ELECTRONICS                    .01                   .02

                       SUBTOTALS FOR CABIN CRUISER          NUMBER SOLD:      2                                                  $.0

BOAT TYPE: CABIN CRUISER                                                                                                            
                                                                                                                                    
MACGYVER                CA             60,000.00         09/29/85           FISHING PACKAGE           1,000.00             61,000.00

                       SUBTOTALS FOR CABIN CRUISER          NUMBER SOLD:      1                                            $61,000.0

BOAT TYPE: CABIN CRUISER                                                                                                            
                                                                                                                                    
QUERVO                  IA            999,999.99         99/99/99           SKI PACKAGE                    .01          1,000,000.00
BIRKNER                 IA                   .01         06/01/19           FISHING PACKAGE          99,999.99            100,000.00
LESTER                  MO            999,999.99         99/99/99           FISHING PACKAGE                .00            999,999.99
HERNANDEZ               WI                   .00         08/15/98           FISHING PACKAGE          99,999.99             99,999.99
MUHAMED                 WI                   .01         09/11/01           ELECTRONICS                    .00                   .01
FREEMAN                 WI                   .00         99/99/99           ELECTRONICS                    .01                   .01
BILL                    WI            100,000.00         09/04/11           ELECTRONICS              15,000.00            115,000.00
XXXXXXXXXXXXXXX         ZZ            999,999.99         99/99/99           ELECTRONICS              99,999.99          1,099,999.98

                       SUBTOTALS FOR CABIN CRUISER          NUMBER SOLD:      8                                         $3,414,999.9

BOAT TYPE: CANOE                                                                                                                    
                                                                                                                                    
BOB - DYLAN             CA                   .00         12/11/19           SKI PACKAGE                    .00                   .00
DAVIS                   CA                   .01         09/09/15           ELECTRONICS                    .01                   .02
QUERVO                  IA            999,999.99         99/99/99           SKI PACKAGE                    .01          1,000,000.00
BIRKNER                 IA                   .01         06/01/19           FISHING PACKAGE          99,999.99            100,000.00
HILL                    MO             20,000.00         05/15/15           FISHING PACKAGE             250.00             20,250.00
LESTER                  MO            999,999.99         99/99/99           FISHING PACKAGE                .00            999,999.99
HERNANDEZ               WI                   .00         08/15/98           FISHING PACKAGE          99,999.99             99,999.99
MUHAMED                 WI                   .01         09/11/01           ELECTRONICS                    .00                   .01




DATE: 01/02/2020                                       BIRKNER S MONTHLY SALES                                              PAGE:  3

CUSTOMER                                    BOAT         PURCHASE           ACCESSORY                     PREP                 TOTAL
LAST NAME              STATE                COST         DATE               PACKAGE                       COST                  COST

BOAT TYPE: CANOE                                                                                                                    
                                                                                                                                    
FREEMAN                 WI                   .00         99/99/99           ELECTRONICS                    .01                   .01
VAN VELSOR              WI             70,000.00         12/16/19           FISHING PACKAGE           5,000.00             75,000.00
XXXXXXXXXXXXXXX         ZZ            999,999.99         99/99/99           ELECTRONICS              99,999.99          1,099,999.98

                       SUBTOTALS FOR CANOE                  NUMBER SOLD:     11                                         $3,395,250.0


                       GRAND TOTALS                         NUMBER SOLD:     66                                       $20,951,250.00