
DATE: 01/08/2020                                       BIRKNER S MONTHLY SALES                                              PAGE:  1

CUSTOMER                                    BOAT         PURCHASE           ACCESSORY                     PREP                 TOTAL
LAST NAME              STATE                COST         DATE               PACKAGE                       COST                  COST

BOAT TYPE: BASS BOAT                                                                                                                
                                                                                                                                    
BOB - DYLAN             CA                   .00         12/11/19           SKI PACKAGE                    .00              4,218.80
DAVIS                   CA                   .01         09/09/15           ELECTRONICS                    .01              5,740.24

          SUBTOTALS FOR CA           BASS BOAT             NUMBER SOLD:       2                                            $9,959.04
                                                                                                                                    
QUERVO                  IA            999,999.99         99/99/99           SKI PACKAGE                    .01          1,414,018.80
FROAH                   IA             10,000.00         08/01/19           FISHING PACKAGE             500.00             14,994.18
BIRKNER                 IA                   .01         06/01/19           FISHING PACKAGE          99,999.99            106,366.18
METZGER                 IA             50,000.00         03/23/80           SKI PACKAGE               2,500.00             77,358.80

          SUBTOTALS FOR IA           BASS BOAT             NUMBER SOLD:       4                                        $1,612,737.96
                                                                                                                                    
LESTER                  MO            999,999.99         99/99/99           FISHING PACKAGE                .00          1,410,166.17

          SUBTOTALS FOR MO           BASS BOAT             NUMBER SOLD:       1                                        $1,410,166.17
                                                                                                                                    
HERNANDEZ               WI                   .00         08/15/98           FISHING PACKAGE          99,999.99            106,366.17
MUHAMED                 WI                   .01         09/11/01           ELECTRONICS                    .00              5,740.23
FREEMAN                 WI                   .00         99/99/99           ELECTRONICS                    .01              5,740.23

          SUBTOTALS FOR WI           BASS BOAT             NUMBER SOLD:       3                                          $117,846.63
                                                                                                                                    
XXXXXXXXXXXXXXX         ZZ            999,999.99         99/99/99           ELECTRONICS              99,999.99          1,521,540.20

          SUBTOTALS FOR ZZ           BASS BOAT             NUMBER SOLD:       1                                        $1,521,540.20
                                                                                                                                    
                       SUBTOTALS FOR BASS BOAT             NUMBER SOLD:      11                                         $4,672,250.0

BOAT TYPE: PONTOON                                                                                                                  
                                                                                                                                    
BOB - DYLAN             CA                   .00         12/11/19           SKI PACKAGE                    .00              4,218.80
DAVIS                   CA                   .01         09/09/15           ELECTRONICS                    .01              5,740.24

          SUBTOTALS FOR CA           PONTOON               NUMBER SOLD:       2                                            $9,959.04
                                                                                                                                    
QUERVO                  IA            999,999.99         99/99/99           SKI PACKAGE                    .01          1,329,218.80
BIRKNER                 IA                   .01         06/01/19           FISHING PACKAGE          99,999.99            106,366.18

          SUBTOTALS FOR IA           PONTOON               NUMBER SOLD:       2                                        $1,435,584.98
                                                                                                                                    
BERNARD                 MO            150,000.00         06/20/20           SKI PACKAGE               5,000.00            208,268.80
LESTER                  MO            999,999.99         99/99/99           FISHING PACKAGE                .00          1,325,366.17

          SUBTOTALS FOR MO           PONTOON               NUMBER SOLD:       2                                        $1,533,634.97
                                                                                                                                    
HERNANDEZ               WI                   .00         08/15/98           FISHING PACKAGE          99,999.99            106,366.17
MUHAMED                 WI                   .01         09/11/01           ELECTRONICS                    .00              5,740.23
FREEMAN                 WI                   .00         99/99/99           ELECTRONICS                    .01              5,740.23




DATE: 01/08/2020                                       BIRKNER S MONTHLY SALES                                              PAGE:  2

CUSTOMER                                    BOAT         PURCHASE           ACCESSORY                     PREP                 TOTAL
LAST NAME              STATE                COST         DATE               PACKAGE                       COST                  COST

BOAT TYPE: PONTOON                                                                                                                  
                                                                                                                                    
GEORGE                  WI             25,000.00         09/04/11           ELECTRONICS               5,000.00             44,165.22

          SUBTOTALS FOR WI           PONTOON               NUMBER SOLD:       4                                          $162,011.85
                                                                                                                                    
XXXXXXXXXXXXXXX         ZZ            999,999.99         99/99/99           ELECTRONICS              99,999.99          1,436,740.20

          SUBTOTALS FOR ZZ           PONTOON               NUMBER SOLD:       1                                        $1,436,740.20
                                                                                                                                    
                       SUBTOTALS FOR PONTOON               NUMBER SOLD:      11                                         $4,577,931.0

BOAT TYPE: SKI BOAT                                                                                                                 
                                                                                                                                    
BOB - DYLAN             CA                   .00         12/11/19           SKI PACKAGE                    .00              4,218.80
DAVIS                   CA                   .01         09/09/15           ELECTRONICS                    .01              5,740.24
SCHWARZENEGGER          CA            500,000.00         07/04/11           SKI PACKAGE              10,000.00            770,068.80

          SUBTOTALS FOR CA           SKI BOAT              NUMBER SOLD:       3                                          $780,027.84
                                                                                                                                    
QUERVO                  IA            999,999.99         99/99/99           SKI PACKAGE                    .01          1,514,718.80
BIRKNER                 IA                   .01         06/01/19           FISHING PACKAGE          99,999.99            106,366.18

          SUBTOTALS FOR IA           SKI BOAT              NUMBER SOLD:       2                                        $1,621,084.98
                                                                                                                                    
LESTER                  MO            999,999.99         99/99/99           FISHING PACKAGE                .00          1,510,866.17

          SUBTOTALS FOR MO           SKI BOAT              NUMBER SOLD:       1                                        $1,510,866.17
                                                                                                                                    
HERNANDEZ               WI                   .00         08/15/98           FISHING PACKAGE          99,999.99            106,366.17
MUHAMED                 WI                   .01         09/11/01           ELECTRONICS                    .00              5,740.23
FREEMAN                 WI                   .00         99/99/99           ELECTRONICS                    .01              5,740.23
POTTER                  WI             25,000.00         09/04/11           ELECTRONICS               5,000.00             48,802.72

          SUBTOTALS FOR WI           SKI BOAT              NUMBER SOLD:       4                                          $166,649.35
                                                                                                                                    
XXXXXXXXXXXXXXX         ZZ            999,999.99         99/99/99           ELECTRONICS              99,999.99          1,622,240.20

          SUBTOTALS FOR ZZ           SKI BOAT              NUMBER SOLD:       1                                        $1,622,240.20
                                                                                                                                    
                       SUBTOTALS FOR SKI BOAT              NUMBER SOLD:      11                                         $5,700,868.5

BOAT TYPE: JOHN BOAT                                                                                                                
                                                                                                                                    
BOB - DYLAN             CA                   .00         12/11/19           SKI PACKAGE                    .00              4,218.80
DAVIS                   CA                   .01         09/09/15           ELECTRONICS                    .01              5,740.24

          SUBTOTALS FOR CA           JOHN BOAT             NUMBER SOLD:       2                                            $9,959.04
                                                                                                                                    
QUERVO                  IA            999,999.99         99/99/99           SKI PACKAGE                    .01          1,414,018.80
BIRKNER                 IA                   .01         06/01/19           FISHING PACKAGE          99,999.99            106,366.18




DATE: 01/08/2020                                       BIRKNER S MONTHLY SALES                                              PAGE:  3

CUSTOMER                                    BOAT         PURCHASE           ACCESSORY                     PREP                 TOTAL
LAST NAME              STATE                COST         DATE               PACKAGE                       COST                  COST

BOAT TYPE: JOHN BOAT                                                                                                                
                                                                                                                                    
WILSON                  IA             10,000.00         10/31/18           ELECTRONICS                 500.00             20,368.22

          SUBTOTALS FOR IA           JOHN BOAT             NUMBER SOLD:       3                                        $1,540,753.20
                                                                                                                                    
LESTER                  MO            999,999.99         99/99/99           FISHING PACKAGE                .00          1,410,166.17

          SUBTOTALS FOR MO           JOHN BOAT             NUMBER SOLD:       1                                        $1,410,166.17
                                                                                                                                    
HERNANDEZ               WI                   .00         08/15/98           FISHING PACKAGE          99,999.99            106,366.17
MUHAMED                 WI                   .01         09/11/01           ELECTRONICS                    .00              5,740.23
FREEMAN                 WI                   .00         99/99/99           ELECTRONICS                    .01              5,740.23
DURSLEY                 WI             80,000.00         06/14/98           SKI PACKAGE               1,500.00            118,592.80

          SUBTOTALS FOR WI           JOHN BOAT             NUMBER SOLD:       4                                          $236,439.43
                                                                                                                                    
XXXXXXXXXXXXXXX         ZZ            999,999.99         99/99/99           ELECTRONICS              99,999.99          1,521,540.20

          SUBTOTALS FOR ZZ           JOHN BOAT             NUMBER SOLD:       1                                        $1,521,540.20
                                                                                                                                    
                       SUBTOTALS FOR JOHN BOAT             NUMBER SOLD:      11                                         $4,718,858.0

BOAT TYPE: CABIN CRUISER                                                                                                            
                                                                                                                                    
BOB - DYLAN             CA                   .00         12/11/19           SKI PACKAGE                    .00              4,218.80
DAVIS                   CA                   .01         09/09/15           ELECTRONICS                    .01              5,740.24
MACGYVER                CA             60,000.00         09/29/85           FISHING PACKAGE           1,000.00             84,106.18

          SUBTOTALS FOR CA           CABIN CRUISER         NUMBER SOLD:       3                                           $94,065.22
                                                                                                                                    
QUERVO                  IA            999,999.99         99/99/99           SKI PACKAGE                    .01          1,382,218.80
BIRKNER                 IA                   .01         06/01/19           FISHING PACKAGE          99,999.99            106,366.18

          SUBTOTALS FOR IA           CABIN CRUISER         NUMBER SOLD:       2                                        $1,488,584.98
                                                                                                                                    
LESTER                  MO            999,999.99         99/99/99           FISHING PACKAGE                .00          1,378,366.17

          SUBTOTALS FOR MO           CABIN CRUISER         NUMBER SOLD:       1                                        $1,378,366.17
                                                                                                                                    
HERNANDEZ               WI                   .00         08/15/98           FISHING PACKAGE          99,999.99            106,366.17
MUHAMED                 WI                   .01         09/11/01           ELECTRONICS                    .00              5,740.23
FREEMAN                 WI                   .00         99/99/99           ELECTRONICS                    .01              5,740.23
BILL                    WI            100,000.00         09/04/11           ELECTRONICS              15,000.00            159,440.22

          SUBTOTALS FOR WI           CABIN CRUISER         NUMBER SOLD:       4                                          $277,286.85
                                                                                                                                    
XXXXXXXXXXXXXXX         ZZ            999,999.99         99/99/99           ELECTRONICS              99,999.99          1,489,740.20

          SUBTOTALS FOR ZZ           CABIN CRUISER         NUMBER SOLD:       1                                        $1,489,740.20
                                                                                                                                    




DATE: 01/08/2020                                       BIRKNER S MONTHLY SALES                                              PAGE:  4

CUSTOMER                                    BOAT         PURCHASE           ACCESSORY                     PREP                 TOTAL
LAST NAME              STATE                COST         DATE               PACKAGE                       COST                  COST

BOAT TYPE: CABIN CRUISER                                                                                                            
                                                                                                                                    
                       SUBTOTALS FOR CABIN CRUISER         NUMBER SOLD:      11                                         $4,728,043.4

BOAT TYPE: CANOE                                                                                                                    
                                                                                                                                    
BOB - DYLAN             CA                   .00         12/11/19           SKI PACKAGE                    .00              4,218.80
DAVIS                   CA                   .01         09/09/15           ELECTRONICS                    .01              5,740.24

          SUBTOTALS FOR CA           CANOE                 NUMBER SOLD:       2                                            $9,959.04
                                                                                                                                    
QUERVO                  IA            999,999.99         99/99/99           SKI PACKAGE                    .01          1,276,218.80
BIRKNER                 IA                   .01         06/01/19           FISHING PACKAGE          99,999.99            106,366.18

          SUBTOTALS FOR IA           CANOE                 NUMBER SOLD:       2                                        $1,382,584.98
                                                                                                                                    
HILL                    MO             20,000.00         05/15/15           FISHING PACKAGE             250.00             26,071.18
LESTER                  MO            999,999.99         99/99/99           FISHING PACKAGE                .00          1,272,366.17

          SUBTOTALS FOR MO           CANOE                 NUMBER SOLD:       2                                        $1,298,437.35
                                                                                                                                    
HERNANDEZ               WI                   .00         08/15/98           FISHING PACKAGE          99,999.99            106,366.17
MUHAMED                 WI                   .01         09/11/01           ELECTRONICS                    .00              5,740.23
FREEMAN                 WI                   .00         99/99/99           ELECTRONICS                    .01              5,740.23
VAN VELSOR              WI             70,000.00         12/16/19           FISHING PACKAGE           5,000.00             94,706.18

          SUBTOTALS FOR WI           CANOE                 NUMBER SOLD:       4                                          $212,552.81
                                                                                                                                    
XXXXXXXXXXXXXXX         ZZ            999,999.99         99/99/99           ELECTRONICS              99,999.99          1,383,740.20

          SUBTOTALS FOR ZZ           CANOE                 NUMBER SOLD:       1                                        $1,383,740.20
                                                                                                                                    
                       SUBTOTALS FOR CANOE                 NUMBER SOLD:      11                                         $4,287,274.3


                       GRAND TOTALS                         NUMBER SOLD:     66                                       $28,685,225.42