
DATE: 02/04/2020                                    ALBIA SOCCER CLUB FUNDRAISER                                            PAGE:  1
COBHJB05                                                 HARRISON DIVISION                                                          

   LAST NAME        FIRST NAME       CITY        STATE ZIP CODE    POP TYPE             QUANTITY      DEPOSIT AMT      TOTAL SALES  

   XXXXXXXXXXXXXXX  XXXXXXXXXXXXXXX  XXXXXXXXXX   WI   99999-9999  COKE                    99           $118.80         $1,971.09   

   XXXXXXXXXXXXXXX  XXXXXXXXXXXXXXX  XXXXXXXXXX   WI   99999-9999  COKE                    99           $118.80         $1,971.09   

   WASHINGTON       GEORGE           DES MOINES   IA   74185-2963  DIET COKE               50            $60.00           $995.50   

   ADAMS            JOHN             BRANSON      MO   36985-2147  MELLO YELLO             24              $.00           $449.04   

   JEFFERSON        THOMAS           CHICAGO      IL   98765-4321  CHERRY COKE              9              $.00           $168.39   

   MADISON          JAMES            LANSING      MI   12345-6789  DIET CHERRY COKE        19            $45.60           $401.09   

   MONROE           JAMES            OMAHA        NE   15935-7456  SPRITE                   5             $6.00            $99.55   

   ADAMS            JOHN QUINCY      OTTUMWA      IA   45625-8159  DIET COKE               10            $12.00           $199.10   

   JACKSON          ANDREW           LINCOLN      NE   35087-7169  CHERRY COKE             15            $18.00           $298.65   

   VAN BUREN        MARTIN           ST LOUIS     MO   36173-8016  SPRITE                  20              $.00           $374.20   

   HARRISON         WILLIAM HENRY    MADISON      WI   18342-9731  MELLO YELLO              3             $3.60            $59.73   

   TYLER            JOHN             DETROIT      MI   61723-9925  DIET CHERRY COKE         6            $14.40           $126.66   

   POLK             JAMES KNOX       PEORIA       IL   71543-4587  DIET COKE                9              $.00           $168.39   





























DATE: 02/04/2020                                    ALBIA SOCCER CLUB FUNDRAISER                                            PAGE:  2
COBHJB05                                                 HARRISON DIVISION                                                          
                                                            SALES REPORT                                                            

GRAND TOTALS:                                                                                                                       

   COKE                 198      DIET COKE             69      MELLO YELLO           27                                             

   CHERRY COKE           24      DIET CHERRY COKE      25      SPRITE                25                                             


TEAM TOTALS:                                                                                                                        

   A      $4,367.49                                                                                                                 

   B      $1,362.99                                                                                                                 

   C        $508.77                                                                                                                 

   D        $267.94                                                                                                                 

   E        $775.29                                                                                                                 