
DATE: 12/10/2019                                       BIRKNER S MONTHLY SALES                                              PAGE:  1

     ITEM                       PRIOR       CURRENT         SALES INCREASE        INCR/DECR          SALE                           
    NUMBER    SALES DATE         QTY          QTY           /DECREASE AMT         PERCENTAGE        PRICE          TOTAL SALES      

    1-2-34    12/02/2019           25            50                25                +100%          $1.00               $50.00      

    6-9-69    04/20/2020          500           100               400 -               -80%         $10.00            $1,000.00      

    L-O-VE    10/07/2001           10            50                40                +400%          $5.00              $250.00      

    0-0-00    01/10/2000            0             0                 0                  +0%           $.00                 $.00      

    2-4-68    05/15/1999          100           100                 0                  +0%           $.01                $1.00      

    1-2-34    04/17/2018          100             1                99 -               -99%         $10.00               $10.00      

    D-4-Z9    12/21/2008            1           100                99               +9900%         $10.00            $1,000.00      

    3-6-9     03/06/2003            1        99,999            99,998               +9800%         $99.99        $9,998,900.00      

    A-B-CD    09/18/2015       99,999             1            99,998 -               -99%         $99.99               $99.00      

    E-F-GH    01/01/1995       99,999        99,999                 0                  +0%           $.01              $999.00      

    Z-5-11    02/24/2002       99,999        99,999                 0                  +0%         $99.99        $9,998,900.00      

    X-W- 3    09/25/2008       99,999        99,999                 0                  +0%           $.00                 $.00      

    Y-2-K     01/01/2000       99,999             0            99,999 -              -100%         $99.99                 $.00      

    4-3-21    04/06/2004            0        99,999            99,999                  +0%         $99.99        $9,998,900.00      

    1-2-34    12/02/2019            2             1                 1 -               -50%          $1.00                $1.00      

    6-9-69    04/20/2020          500           100               400 -               -80%         $10.00            $1,000.00      

    L-O-VE    10/07/2001           10            50                40                +400%          $5.00              $250.00      

    0-0-00    01/10/2000            0             0                 0                  +0%           $.00                 $.00      

    2-4-68    05/15/1999          100           100                 0                  +0%           $.01                $1.00      

    1-2-34    04/17/2018          100             1                99 -               -99%         $10.00               $10.00      

    D-4-Z9    12/21/2008            1           100                99               +9900%         $10.00            $1,000.00      

    3-6-9     03/06/2003            1        99,999            99,998               +9800%         $99.99        $9,998,900.00      

    A-B-CD    09/18/2015       99,999             1            99,998 -               -99%         $99.99               $99.00      

    E-F-GH    01/01/1995       99,999        99,999                 0                  +0%           $.01              $999.00      

    Z-5-11    02/24/2002       99,999        99,999                 0                  +0%         $99.99        $9,998,900.00      

    X-W- 3    09/25/2008       99,999        99,999                 0                  +0%           $.00                 $.00      



DATE: 12/10/2019                                       BIRKNER S MONTHLY SALES                                              PAGE:  2

     ITEM                       PRIOR       CURRENT         SALES INCREASE        INCR/DECR          SALE                           
    NUMBER    SALES DATE         QTY          QTY           /DECREASE AMT         PERCENTAGE        PRICE          TOTAL SALES      

    Y-2-K     01/01/2000       99,999             0            99,999 -              -100%         $99.99                 $.00      

    4-3-21    04/06/2004            0        99,999            99,999                  +0%         $99.99        $9,998,900.00      

    1-2-34    12/02/2019            2             1                 1 -               -50%          $1.00                $1.00      

    6-9-69    04/20/2020          500           100               400 -               -80%         $10.00            $1,000.00      

    L-O-VE    10/07/2001           10            50                40                +400%          $5.00              $250.00      

    0-0-00    01/10/2000            0             0                 0                  +0%           $.00                 $.00      

    2-4-68    05/15/1999          100           100                 0                  +0%           $.01                $1.00      

    1-2-34    04/17/2018          100             1                99 -               -99%         $10.00               $10.00      

    D-4-Z9    12/21/2008            1           100                99               +9900%         $10.00            $1,000.00      

    3-6-9     03/06/2003            1        99,999            99,998               +9800%         $99.99        $9,998,900.00      

    A-B-CD    09/18/2015       99,999             1            99,998 -               -99%         $99.99               $99.00      

    E-F-GH    01/01/1995       99,999        99,999                 0                  +0%           $.01              $999.00      

    Z-5-11    02/24/2002       99,999        99,999                 0                  +0%         $99.99        $9,998,900.00      

    X-W- 3    09/25/2008       99,999        99,999                 0                  +0%           $.00                 $.00      



                                             GRAND TOTALS:      1,057 -                                         $80,001,329.00      

                         AVERAGE INCREASE/DECREASE AMOUNT:         26 -                                                             

                     AVERAGE INCREASE/DECREASE PERCENTAGE:         +0 %                                                             