
DATE: 01/21/2020                                          FURLY S RENTALS                                                   PAGE:  1
COBHJB04                                             BILLABLE RENT - JULY                                                           

                       BASE  TENANT  TENANT     PREMIUM/                                                     TOTAL                  
RENTAL BUILDING UNIT   RENT  NUMBER  CHARGE     DISCOUNT     SUBTOTAL  ELECTRIC    GAS    WATER  GARBAGE   UTILITIES     RENT DUE   

PALACE PLACE      1  $650.00   1       $.00         $.00+     $650.00   $10.00   $10.00   $10.00  $10.00      $40.00      $690.00   

HIGH TOWER        2  $650.00   2     $50.00         $.00+     $700.00   $20.00   $15.00   $10.00   $5.00      $50.00      $750.00   

JACKS PLACE       3  $650.00   3     $75.00         $.00+     $725.00   $80.00   $60.00   $40.00  $20.00     $200.00      $925.00   

JACKS PLACE       4  $650.00   4     $83.45         $.00+     $733.45   $20.00   $10.00   $50.00   $5.00      $85.00      $818.45   

JACKS PLACE       5  $650.00   5     $83.45         $.00+     $733.45   $20.00   $10.00   $50.00   $5.00      $85.00      $818.45   

NEW ZOO           5  $650.00   6     $83.45         $.00+     $733.45   $10.00   $10.00   $10.00  $10.00      $40.00      $773.45   

GEORIGA           6  $650.00   1       $.00         $.00+     $650.00   $20.00   $15.00   $10.00   $5.00      $50.00      $700.00   

UPTOWN CONDOS    23  $825.00   2    $100.00       $99.00+   $1,024.00   $80.00   $60.00   $40.00  $20.00     $200.00    $1,224.00***

UPTOWN CONDOS    25  $825.00   3    $150.00       $99.00+   $1,074.00   $20.00   $10.00   $50.00   $5.00      $85.00    $1,159.00***

UPTOWN CONDOS     7  $650.00   4     $83.45       $99.00+     $832.45   $10.00   $10.00   $10.00  $10.00      $40.00      $872.45   

UPTOWN CONDOS    25  $825.00   9    $185.60       $99.00+   $1,109.60  $999.99  $999.99  $999.99  $99.99   $3,099.96    $4,209.56***

VERMONT           8  $650.00   6     $83.45       $99.00+     $832.45   $80.00   $60.00   $40.00  $20.00     $200.00    $1,032.45***

PARK PLACE       23  $825.00   7    $185.60       $99.00+   $1,109.60   $80.00   $60.00   $40.00  $20.00     $200.00    $1,309.60***

PARK PLACE       25  $825.00   1       $.00       $99.00+     $924.00   $20.00   $10.00   $50.00   $5.00      $85.00    $1,009.00***

PARK PLACE        9  $700.00   2     $71.10       $99.00+     $870.10   $10.00   $10.00   $10.00  $10.00      $40.00      $910.10   

GANDER MOUNTAIN  10  $700.00   3    $106.65       $99.00+     $905.65   $10.00   $10.00   $10.00  $10.00      $40.00      $945.65   

YANKEE DOODLE    11  $700.00   4    $135.00       $99.00+     $934.00   $20.00   $15.00   $10.00   $5.00      $50.00      $984.00   

CHINA TOWN       12  $700.00   5    $135.00      $231.00-     $604.00   $80.00   $60.00   $40.00  $20.00     $200.00      $804.00   

IOWA CONDO       13  $700.00   1       $.00      $231.00-     $469.00   $20.00   $10.00   $50.00   $5.00      $85.00      $554.00   

IOWA CONDO       14  $700.00   2     $71.10      $231.00-     $540.10   $10.00   $10.00   $10.00  $10.00      $40.00      $580.10   

IOWA CONDO       15  $700.00   3    $106.65      $231.00-     $575.65   $10.00   $10.00   $10.00  $10.00      $40.00      $615.65   

BENTON PLACE     15  $700.00   4    $135.00      $231.00-     $604.00   $50.00   $40.00   $30.00  $20.00     $140.00      $744.00   

YAHTZEE AVE      23  $825.00   5    $185.60       $99.00+   $1,109.60   $80.00   $60.00   $40.00  $20.00     $200.00    $1,309.60***

YAHTZEE AVE      25  $825.00   6    $185.60       $99.00+   $1,109.60   $20.00   $10.00   $50.00   $5.00      $85.00    $1,194.60***

YAHTZEE AVE      16  $700.00   7    $135.00       $99.00+     $934.00   $10.00   $10.00   $10.00  $10.00      $40.00      $974.00   




DATE: 01/21/2020                                          FURLY S RENTALS                                                   PAGE:  2
COBHJB04                                             BILLABLE RENT - JULY                                                           

                       BASE  TENANT  TENANT     PREMIUM/                                                     TOTAL                  
RENTAL BUILDING UNIT   RENT  NUMBER  CHARGE     DISCOUNT     SUBTOTAL  ELECTRIC    GAS    WATER  GARBAGE   UTILITIES     RENT DUE   

YORKSHIRE        17  $825.00   1       $.00       $99.00+     $924.00   $10.00   $10.00   $10.00  $10.00      $40.00      $964.00   

MARKET STREET    18  $825.00   2    $100.00       $99.00+   $1,024.00   $80.00   $60.00   $40.00  $20.00     $200.00    $1,224.00***

GRAND AVENUE     23  $825.00   3    $150.00       $99.00+   $1,074.00   $50.00   $40.00   $30.00  $20.00     $140.00    $1,214.00***

COURT PLACE      20  $825.00   4    $185.60       $99.00+   $1,109.60   $12.00    $9.00    $6.00   $3.00      $30.00    $1,139.60***

MAINE APT        25  $825.00   5    $185.60       $99.00+   $1,109.60   $20.00   $15.00   $10.00   $5.00      $50.00    $1,159.60***